<?xml version="1.0" encoding="UTF-8"?>
<!-- Generated by org.testng.reporters.JUnitReportReporter -->
<testsuite skipped="0" hostname="DESKTOP-B2220QC" name="test.VeryActitimeHeaders" tests="2" failures="0" timestamp="2022-01-31T09:41:20 IST" time="10.066" errors="0">
  <testcase name="toVerityUserTab" time="5.127" classname="test.VeryActitimeHeaders"/>
  <system-out/>
  <testcase name="toVerityUserTab" time="4.939" classname="test.VeryActitimeHeaders"/>
  <system-out/>
</testsuite> <!-- test.VeryActitimeHeaders -->
